This file contains any messages produced by compilers while
running configure, to aid debugging if configure makes a mistake.

It was created by Spectrum3d configure 2.5.0, which was
generated by GNU Autoconf 2.69.  Invocation command line was

  $ ./configure 

## --------- ##
## Platform. ##
## --------- ##

hostname = cheen-X551MA
uname -m = x86_64
uname -r = 3.16.0-34-generic
uname -s = Linux
uname -v = #47~14.04.1-Ubuntu SMP Fri Apr 10 17:49:16 UTC 2015

/usr/bin/uname -p = unknown
/bin/uname -X     = unknown

/bin/arch              = unknown
/usr/bin/arch -k       = unknown
/usr/convex/getsysinfo = unknown
/usr/bin/hostinfo      = unknown
/bin/machine           = unknown
/usr/bin/oslevel       = unknown
/bin/universe          = unknown

PATH: /usr/local/sbin
PATH: /usr/local/bin
PATH: /usr/sbin
PATH: /usr/bin
PATH: /sbin
PATH: /bin
PATH: /usr/games
PATH: /usr/local/games


## ----------- ##
## Core tests. ##
## ----------- ##

configure:2260: checking for a BSD-compatible install
configure:2328: result: /usr/bin/install -c
configure:2339: checking whether build environment is sane
configure:2394: result: yes
configure:2432: WARNING: 'missing' script is too old or missing
configure:2545: checking for a thread-safe mkdir -p
configure:2584: result: /bin/mkdir -p
configure:2591: checking for gawk
configure:2621: result: no
configure:2591: checking for mawk
configure:2607: found /usr/bin/mawk
configure:2618: result: mawk
configure:2629: checking whether make sets $(MAKE)
configure:2651: result: yes
configure:2680: checking whether make supports nested variables
configure:2697: result: yes
configure:2871: checking for gcc
configure:2887: found /usr/bin/gcc
configure:2898: result: gcc
configure:3127: checking for C compiler version
configure:3136: gcc --version >&5
gcc (Ubuntu 4.8.4-2ubuntu1~14.04) 4.8.4
Copyright (C) 2013 Free Software Foundation, Inc.
This is free software; see the source for copying conditions.  There is NO
warranty; not even for MERCHANTABILITY or FITNESS FOR A PARTICULAR PURPOSE.

configure:3147: $? = 0
configure:3136: gcc -v >&5
Using built-in specs.
COLLECT_GCC=gcc
COLLECT_LTO_WRAPPER=/usr/lib/gcc/x86_64-linux-gnu/4.8/lto-wrapper
Target: x86_64-linux-gnu
Configured with: ../src/configure -v --with-pkgversion='Ubuntu 4.8.4-2ubuntu1~14.04' --with-bugurl=file:///usr/share/doc/gcc-4.8/README.Bugs --enable-languages=c,c++,java,go,d,fortran,objc,obj-c++ --prefix=/usr --program-suffix=-4.8 --enable-shared --enable-linker-build-id --libexecdir=/usr/lib --without-included-gettext --enable-threads=posix --with-gxx-include-dir=/usr/include/c++/4.8 --libdir=/usr/lib --enable-nls --with-sysroot=/ --enable-clocale=gnu --enable-libstdcxx-debug --enable-libstdcxx-time=yes --enable-gnu-unique-object --disable-libmudflap --enable-plugin --with-system-zlib --disable-browser-plugin --enable-java-awt=gtk --enable-gtk-cairo --with-java-home=/usr/lib/jvm/java-1.5.0-gcj-4.8-amd64/jre --enable-java-home --with-jvm-root-dir=/usr/lib/jvm/java-1.5.0-gcj-4.8-amd64 --with-jvm-jar-dir=/usr/lib/jvm-exports/java-1.5.0-gcj-4.8-amd64 --with-arch-directory=amd64 --with-ecj-jar=/usr/share/java/eclipse-ecj.jar --enable-objc-gc --enable-multiarch --disable-werror --with-arch-32=i686 --with-abi=m64 --with-multilib-list=m32,m64,mx32 --with-tune=generic --enable-checking=release --build=x86_64-linux-gnu --host=x86_64-linux-gnu --target=x86_64-linux-gnu
Thread model: posix
gcc version 4.8.4 (Ubuntu 4.8.4-2ubuntu1~14.04) 
configure:3147: $? = 0
configure:3136: gcc -V >&5
gcc: error: unrecognized command line option '-V'
gcc: fatal error: no input files
compilation terminated.
configure:3147: $? = 4
configure:3136: gcc -qversion >&5
gcc: error: unrecognized command line option '-qversion'
gcc: fatal error: no input files
compilation terminated.
configure:3147: $? = 4
configure:3167: checking whether the C compiler works
configure:3189: gcc    conftest.c  >&5
configure:3193: $? = 0
configure:3241: result: yes
configure:3244: checking for C compiler default output file name
configure:3246: result: a.out
configure:3252: checking for suffix of executables
configure:3259: gcc -o conftest    conftest.c  >&5
configure:3263: $? = 0
configure:3285: result: 
configure:3307: checking whether we are cross compiling
configure:3315: gcc -o conftest    conftest.c  >&5
configure:3319: $? = 0
configure:3326: ./conftest
configure:3330: $? = 0
configure:3345: result: no
configure:3350: checking for suffix of object files
configure:3372: gcc -c   conftest.c >&5
configure:3376: $? = 0
configure:3397: result: o
configure:3401: checking whether we are using the GNU C compiler
configure:3420: gcc -c   conftest.c >&5
configure:3420: $? = 0
configure:3429: result: yes
configure:3438: checking whether gcc accepts -g
configure:3458: gcc -c -g  conftest.c >&5
configure:3458: $? = 0
configure:3499: result: yes
configure:3516: checking for gcc option to accept ISO C89
configure:3579: gcc  -c -g -O2  conftest.c >&5
configure:3579: $? = 0
configure:3592: result: none needed
configure:3617: checking whether gcc understands -c and -o together
configure:3639: gcc -c conftest.c -o conftest2.o
configure:3642: $? = 0
configure:3639: gcc -c conftest.c -o conftest2.o
configure:3642: $? = 0
configure:3654: result: yes
configure:3682: checking for style of include used by make
configure:3710: result: GNU
configure:3736: checking dependency style of gcc
configure:3847: result: gcc3
configure:3960: checking for pkg-config
configure:3978: found /usr/bin/pkg-config
configure:3990: result: /usr/bin/pkg-config
configure:4015: checking pkg-config is at least version 0.9.0
configure:4018: result: yes
configure:4030: checking for GTK3
configure:4037: $PKG_CONFIG --exists --print-errors "gtk+-3.0"
configure:4040: $? = 0
configure:4054: $PKG_CONFIG --exists --print-errors "gtk+-3.0"
configure:4057: $? = 0
configure:4095: result: yes
configure:4361: checking for SDL_Init in -lSDL
configure:4386: gcc -o conftest -g -O2 -pthread -I/usr/include/gtk-3.0 -I/usr/include/atk-1.0 -I/usr/include/at-spi2-atk/2.0 -I/usr/include/pango-1.0 -I/usr/include/gio-unix-2.0/ -I/usr/include/cairo -I/usr/include/gdk-pixbuf-2.0 -I/usr/include/glib-2.0 -I/usr/lib/x86_64-linux-gnu/glib-2.0/include -I/usr/include/harfbuzz -I/usr/include/freetype2 -I/usr/include/pixman-1 -I/usr/include/libpng12     conftest.c -lSDL   -lgtk-3 -lgdk-3 -latk-1.0 -lgio-2.0 -lpangocairo-1.0 -lgdk_pixbuf-2.0 -lcairo-gobject -lpango-1.0 -lcairo -lgobject-2.0 -lglib-2.0   >&5
configure:4386: $? = 0
configure:4395: result: yes
configure:4409: checking for glClear in -lGL
configure:4434: gcc -o conftest -g -O2 -pthread -I/usr/include/gtk-3.0 -I/usr/include/atk-1.0 -I/usr/include/at-spi2-atk/2.0 -I/usr/include/pango-1.0 -I/usr/include/gio-unix-2.0/ -I/usr/include/cairo -I/usr/include/gdk-pixbuf-2.0 -I/usr/include/glib-2.0 -I/usr/lib/x86_64-linux-gnu/glib-2.0/include -I/usr/include/harfbuzz -I/usr/include/freetype2 -I/usr/include/pixman-1 -I/usr/include/libpng12     conftest.c -lGL  -lSDL  -lgtk-3 -lgdk-3 -latk-1.0 -lgio-2.0 -lpangocairo-1.0 -lgdk_pixbuf-2.0 -lcairo-gobject -lpango-1.0 -lcairo -lgobject-2.0 -lglib-2.0   >&5
configure:4434: $? = 0
configure:4443: result: yes
configure:4456: checking for gluBeginCurve in -lGLU
configure:4481: gcc -o conftest -g -O2 -pthread -I/usr/include/gtk-3.0 -I/usr/include/atk-1.0 -I/usr/include/at-spi2-atk/2.0 -I/usr/include/pango-1.0 -I/usr/include/gio-unix-2.0/ -I/usr/include/cairo -I/usr/include/gdk-pixbuf-2.0 -I/usr/include/glib-2.0 -I/usr/lib/x86_64-linux-gnu/glib-2.0/include -I/usr/include/harfbuzz -I/usr/include/freetype2 -I/usr/include/pixman-1 -I/usr/include/libpng12     conftest.c -lGLU  -lGL -lSDL  -lgtk-3 -lgdk-3 -latk-1.0 -lgio-2.0 -lpangocairo-1.0 -lgdk_pixbuf-2.0 -lcairo-gobject -lpango-1.0 -lcairo -lgobject-2.0 -lglib-2.0   >&5
configure:4481: $? = 0
configure:4490: result: yes
configure:4507: checking for GSTREAMER
configure:4514: $PKG_CONFIG --exists --print-errors "gstreamer-1.0"
configure:4517: $? = 0
configure:4531: $PKG_CONFIG --exists --print-errors "gstreamer-1.0"
configure:4534: $? = 0
configure:4730: result: yes
configure:4745: checking for jack_client_open in -ljack
configure:4770: gcc -o conftest -g -O2 -pthread -I/usr/include/gtk-3.0 -I/usr/include/atk-1.0 -I/usr/include/at-spi2-atk/2.0 -I/usr/include/pango-1.0 -I/usr/include/gio-unix-2.0/ -I/usr/include/cairo -I/usr/include/gdk-pixbuf-2.0 -I/usr/include/glib-2.0 -I/usr/lib/x86_64-linux-gnu/glib-2.0/include -I/usr/include/harfbuzz -I/usr/include/freetype2 -I/usr/include/pixman-1 -I/usr/include/libpng12   -pthread -I/usr/include/gstreamer-1.0 -I/usr/include/glib-2.0 -I/usr/lib/x86_64-linux-gnu/glib-2.0/include     conftest.c -ljack  -lGLU -lGL -lSDL  -lgtk-3 -lgdk-3 -latk-1.0 -lgio-2.0 -lpangocairo-1.0 -lgdk_pixbuf-2.0 -lcairo-gobject -lpango-1.0 -lcairo -lgobject-2.0 -lglib-2.0   -lgstreamer-1.0 -lgobject-2.0 -lglib-2.0   >&5
configure:4770: $? = 0
configure:4779: result: yes
configure:4802: checking for BAMF
configure:4809: $PKG_CONFIG --exists --print-errors "libbamf >= $BAMF_REQUIRED"
Package libbamf was not found in the pkg-config search path.
Perhaps you should add the directory containing `libbamf.pc'
to the PKG_CONFIG_PATH environment variable
No package 'libbamf' found
configure:4812: $? = 1
configure:4826: $PKG_CONFIG --exists --print-errors "libbamf >= $BAMF_REQUIRED"
Package libbamf was not found in the pkg-config search path.
Perhaps you should add the directory containing `libbamf.pc'
to the PKG_CONFIG_PATH environment variable
No package 'libbamf' found
configure:4829: $? = 1
configure:4843: result: no
No package 'libbamf' found
configure:4961: checking how to run the C preprocessor
configure:4992: gcc -E  conftest.c
configure:4992: $? = 0
configure:5006: gcc -E  conftest.c
conftest.c:17:28: fatal error: ac_nonexistent.h: No such file or directory
 #include <ac_nonexistent.h>
                            ^
compilation terminated.
configure:5006: $? = 1
configure: failed program was:
| /* confdefs.h */
| #define PACKAGE_NAME "Spectrum3d"
| #define PACKAGE_TARNAME "spectrum3d"
| #define PACKAGE_VERSION "2.5.0"
| #define PACKAGE_STRING "Spectrum3d 2.5.0"
| #define PACKAGE_BUGREPORT "nadaeck@hotmail.com"
| #define PACKAGE_URL "spectrum3d.sourceforge.net"
| #define PACKAGE "spectrum3d"
| #define VERSION "2.5.0"
| #define GTK3 1
| #define HAVE_LIBSDL 1
| #define HAVE_LIBGL 1
| #define HAVE_LIBGLU 1
| #define GSTREAMER1 1
| #define HAVE_LIBJACK 1
| /* end confdefs.h.  */
| #include <ac_nonexistent.h>
configure:5031: result: gcc -E
configure:5051: gcc -E  conftest.c
configure:5051: $? = 0
configure:5065: gcc -E  conftest.c
conftest.c:17:28: fatal error: ac_nonexistent.h: No such file or directory
 #include <ac_nonexistent.h>
                            ^
compilation terminated.
configure:5065: $? = 1
configure: failed program was:
| /* confdefs.h */
| #define PACKAGE_NAME "Spectrum3d"
| #define PACKAGE_TARNAME "spectrum3d"
| #define PACKAGE_VERSION "2.5.0"
| #define PACKAGE_STRING "Spectrum3d 2.5.0"
| #define PACKAGE_BUGREPORT "nadaeck@hotmail.com"
| #define PACKAGE_URL "spectrum3d.sourceforge.net"
| #define PACKAGE "spectrum3d"
| #define VERSION "2.5.0"
| #define GTK3 1
| #define HAVE_LIBSDL 1
| #define HAVE_LIBGL 1
| #define HAVE_LIBGLU 1
| #define GSTREAMER1 1
| #define HAVE_LIBJACK 1
| /* end confdefs.h.  */
| #include <ac_nonexistent.h>
configure:5094: checking for grep that handles long lines and -e
configure:5152: result: /bin/grep
configure:5157: checking for egrep
configure:5219: result: /bin/grep -E
configure:5224: checking for ANSI C header files
configure:5244: gcc -c -g -O2 -pthread -I/usr/include/gtk-3.0 -I/usr/include/atk-1.0 -I/usr/include/at-spi2-atk/2.0 -I/usr/include/pango-1.0 -I/usr/include/gio-unix-2.0/ -I/usr/include/cairo -I/usr/include/gdk-pixbuf-2.0 -I/usr/include/glib-2.0 -I/usr/lib/x86_64-linux-gnu/glib-2.0/include -I/usr/include/harfbuzz -I/usr/include/freetype2 -I/usr/include/pixman-1 -I/usr/include/libpng12   -pthread -I/usr/include/gstreamer-1.0 -I/usr/include/glib-2.0 -I/usr/lib/x86_64-linux-gnu/glib-2.0/include    conftest.c >&5
configure:5244: $? = 0
configure:5317: gcc -o conftest -g -O2 -pthread -I/usr/include/gtk-3.0 -I/usr/include/atk-1.0 -I/usr/include/at-spi2-atk/2.0 -I/usr/include/pango-1.0 -I/usr/include/gio-unix-2.0/ -I/usr/include/cairo -I/usr/include/gdk-pixbuf-2.0 -I/usr/include/glib-2.0 -I/usr/lib/x86_64-linux-gnu/glib-2.0/include -I/usr/include/harfbuzz -I/usr/include/freetype2 -I/usr/include/pixman-1 -I/usr/include/libpng12   -pthread -I/usr/include/gstreamer-1.0 -I/usr/include/glib-2.0 -I/usr/lib/x86_64-linux-gnu/glib-2.0/include     conftest.c -ljack -lGLU -lGL -lSDL  -lgtk-3 -lgdk-3 -latk-1.0 -lgio-2.0 -lpangocairo-1.0 -lgdk_pixbuf-2.0 -lcairo-gobject -lpango-1.0 -lcairo -lgobject-2.0 -lglib-2.0   -lgstreamer-1.0 -lgobject-2.0 -lglib-2.0   >&5
configure:5317: $? = 0
configure:5317: ./conftest
configure:5317: $? = 0
configure:5328: result: yes
configure:5341: checking for sys/types.h
configure:5341: gcc -c -g -O2 -pthread -I/usr/include/gtk-3.0 -I/usr/include/atk-1.0 -I/usr/include/at-spi2-atk/2.0 -I/usr/include/pango-1.0 -I/usr/include/gio-unix-2.0/ -I/usr/include/cairo -I/usr/include/gdk-pixbuf-2.0 -I/usr/include/glib-2.0 -I/usr/lib/x86_64-linux-gnu/glib-2.0/include -I/usr/include/harfbuzz -I/usr/include/freetype2 -I/usr/include/pixman-1 -I/usr/include/libpng12   -pthread -I/usr/include/gstreamer-1.0 -I/usr/include/glib-2.0 -I/usr/lib/x86_64-linux-gnu/glib-2.0/include    conftest.c >&5
configure:5341: $? = 0
configure:5341: result: yes
configure:5341: checking for sys/stat.h
configure:5341: gcc -c -g -O2 -pthread -I/usr/include/gtk-3.0 -I/usr/include/atk-1.0 -I/usr/include/at-spi2-atk/2.0 -I/usr/include/pango-1.0 -I/usr/include/gio-unix-2.0/ -I/usr/include/cairo -I/usr/include/gdk-pixbuf-2.0 -I/usr/include/glib-2.0 -I/usr/lib/x86_64-linux-gnu/glib-2.0/include -I/usr/include/harfbuzz -I/usr/include/freetype2 -I/usr/include/pixman-1 -I/usr/include/libpng12   -pthread -I/usr/include/gstreamer-1.0 -I/usr/include/glib-2.0 -I/usr/lib/x86_64-linux-gnu/glib-2.0/include    conftest.c >&5
configure:5341: $? = 0
configure:5341: result: yes
configure:5341: checking for stdlib.h
configure:5341: gcc -c -g -O2 -pthread -I/usr/include/gtk-3.0 -I/usr/include/atk-1.0 -I/usr/include/at-spi2-atk/2.0 -I/usr/include/pango-1.0 -I/usr/include/gio-unix-2.0/ -I/usr/include/cairo -I/usr/include/gdk-pixbuf-2.0 -I/usr/include/glib-2.0 -I/usr/lib/x86_64-linux-gnu/glib-2.0/include -I/usr/include/harfbuzz -I/usr/include/freetype2 -I/usr/include/pixman-1 -I/usr/include/libpng12   -pthread -I/usr/include/gstreamer-1.0 -I/usr/include/glib-2.0 -I/usr/lib/x86_64-linux-gnu/glib-2.0/include    conftest.c >&5
configure:5341: $? = 0
configure:5341: result: yes
configure:5341: checking for string.h
configure:5341: gcc -c -g -O2 -pthread -I/usr/include/gtk-3.0 -I/usr/include/atk-1.0 -I/usr/include/at-spi2-atk/2.0 -I/usr/include/pango-1.0 -I/usr/include/gio-unix-2.0/ -I/usr/include/cairo -I/usr/include/gdk-pixbuf-2.0 -I/usr/include/glib-2.0 -I/usr/lib/x86_64-linux-gnu/glib-2.0/include -I/usr/include/harfbuzz -I/usr/include/freetype2 -I/usr/include/pixman-1 -I/usr/include/libpng12   -pthread -I/usr/include/gstreamer-1.0 -I/usr/include/glib-2.0 -I/usr/lib/x86_64-linux-gnu/glib-2.0/include    conftest.c >&5
configure:5341: $? = 0
configure:5341: result: yes
configure:5341: checking for memory.h
configure:5341: gcc -c -g -O2 -pthread -I/usr/include/gtk-3.0 -I/usr/include/atk-1.0 -I/usr/include/at-spi2-atk/2.0 -I/usr/include/pango-1.0 -I/usr/include/gio-unix-2.0/ -I/usr/include/cairo -I/usr/include/gdk-pixbuf-2.0 -I/usr/include/glib-2.0 -I/usr/lib/x86_64-linux-gnu/glib-2.0/include -I/usr/include/harfbuzz -I/usr/include/freetype2 -I/usr/include/pixman-1 -I/usr/include/libpng12   -pthread -I/usr/include/gstreamer-1.0 -I/usr/include/glib-2.0 -I/usr/lib/x86_64-linux-gnu/glib-2.0/include    conftest.c >&5
configure:5341: $? = 0
configure:5341: result: yes
configure:5341: checking for strings.h
configure:5341: gcc -c -g -O2 -pthread -I/usr/include/gtk-3.0 -I/usr/include/atk-1.0 -I/usr/include/at-spi2-atk/2.0 -I/usr/include/pango-1.0 -I/usr/include/gio-unix-2.0/ -I/usr/include/cairo -I/usr/include/gdk-pixbuf-2.0 -I/usr/include/glib-2.0 -I/usr/lib/x86_64-linux-gnu/glib-2.0/include -I/usr/include/harfbuzz -I/usr/include/freetype2 -I/usr/include/pixman-1 -I/usr/include/libpng12   -pthread -I/usr/include/gstreamer-1.0 -I/usr/include/glib-2.0 -I/usr/lib/x86_64-linux-gnu/glib-2.0/include    conftest.c >&5
configure:5341: $? = 0
configure:5341: result: yes
configure:5341: checking for inttypes.h
configure:5341: gcc -c -g -O2 -pthread -I/usr/include/gtk-3.0 -I/usr/include/atk-1.0 -I/usr/include/at-spi2-atk/2.0 -I/usr/include/pango-1.0 -I/usr/include/gio-unix-2.0/ -I/usr/include/cairo -I/usr/include/gdk-pixbuf-2.0 -I/usr/include/glib-2.0 -I/usr/lib/x86_64-linux-gnu/glib-2.0/include -I/usr/include/harfbuzz -I/usr/include/freetype2 -I/usr/include/pixman-1 -I/usr/include/libpng12   -pthread -I/usr/include/gstreamer-1.0 -I/usr/include/glib-2.0 -I/usr/lib/x86_64-linux-gnu/glib-2.0/include    conftest.c >&5
configure:5341: $? = 0
configure:5341: result: yes
configure:5341: checking for stdint.h
configure:5341: gcc -c -g -O2 -pthread -I/usr/include/gtk-3.0 -I/usr/include/atk-1.0 -I/usr/include/at-spi2-atk/2.0 -I/usr/include/pango-1.0 -I/usr/include/gio-unix-2.0/ -I/usr/include/cairo -I/usr/include/gdk-pixbuf-2.0 -I/usr/include/glib-2.0 -I/usr/lib/x86_64-linux-gnu/glib-2.0/include -I/usr/include/harfbuzz -I/usr/include/freetype2 -I/usr/include/pixman-1 -I/usr/include/libpng12   -pthread -I/usr/include/gstreamer-1.0 -I/usr/include/glib-2.0 -I/usr/lib/x86_64-linux-gnu/glib-2.0/include    conftest.c >&5
configure:5341: $? = 0
configure:5341: result: yes
configure:5341: checking for unistd.h
configure:5341: gcc -c -g -O2 -pthread -I/usr/include/gtk-3.0 -I/usr/include/atk-1.0 -I/usr/include/at-spi2-atk/2.0 -I/usr/include/pango-1.0 -I/usr/include/gio-unix-2.0/ -I/usr/include/cairo -I/usr/include/gdk-pixbuf-2.0 -I/usr/include/glib-2.0 -I/usr/lib/x86_64-linux-gnu/glib-2.0/include -I/usr/include/harfbuzz -I/usr/include/freetype2 -I/usr/include/pixman-1 -I/usr/include/libpng12   -pthread -I/usr/include/gstreamer-1.0 -I/usr/include/glib-2.0 -I/usr/lib/x86_64-linux-gnu/glib-2.0/include    conftest.c >&5
configure:5341: $? = 0
configure:5341: result: yes
configure:5356: checking for stdlib.h
configure:5356: result: yes
configure:5356: checking for string.h
configure:5356: result: yes
configure:5371: checking for memset
configure:5371: gcc -o conftest -g -O2 -pthread -I/usr/include/gtk-3.0 -I/usr/include/atk-1.0 -I/usr/include/at-spi2-atk/2.0 -I/usr/include/pango-1.0 -I/usr/include/gio-unix-2.0/ -I/usr/include/cairo -I/usr/include/gdk-pixbuf-2.0 -I/usr/include/glib-2.0 -I/usr/lib/x86_64-linux-gnu/glib-2.0/include -I/usr/include/harfbuzz -I/usr/include/freetype2 -I/usr/include/pixman-1 -I/usr/include/libpng12   -pthread -I/usr/include/gstreamer-1.0 -I/usr/include/glib-2.0 -I/usr/lib/x86_64-linux-gnu/glib-2.0/include     conftest.c -ljack -lGLU -lGL -lSDL  -lgtk-3 -lgdk-3 -latk-1.0 -lgio-2.0 -lpangocairo-1.0 -lgdk_pixbuf-2.0 -lcairo-gobject -lpango-1.0 -lcairo -lgobject-2.0 -lglib-2.0   -lgstreamer-1.0 -lgobject-2.0 -lglib-2.0   >&5
conftest.c:52:6: warning: conflicting types for built-in function 'memset' [enabled by default]
 char memset ();
      ^
configure:5371: $? = 0
configure:5371: result: yes
configure:5371: checking for putenv
configure:5371: gcc -o conftest -g -O2 -pthread -I/usr/include/gtk-3.0 -I/usr/include/atk-1.0 -I/usr/include/at-spi2-atk/2.0 -I/usr/include/pango-1.0 -I/usr/include/gio-unix-2.0/ -I/usr/include/cairo -I/usr/include/gdk-pixbuf-2.0 -I/usr/include/glib-2.0 -I/usr/lib/x86_64-linux-gnu/glib-2.0/include -I/usr/include/harfbuzz -I/usr/include/freetype2 -I/usr/include/pixman-1 -I/usr/include/libpng12   -pthread -I/usr/include/gstreamer-1.0 -I/usr/include/glib-2.0 -I/usr/lib/x86_64-linux-gnu/glib-2.0/include     conftest.c -ljack -lGLU -lGL -lSDL  -lgtk-3 -lgdk-3 -latk-1.0 -lgio-2.0 -lpangocairo-1.0 -lgdk_pixbuf-2.0 -lcairo-gobject -lpango-1.0 -lcairo -lgobject-2.0 -lglib-2.0   -lgstreamer-1.0 -lgobject-2.0 -lglib-2.0   >&5
configure:5371: $? = 0
configure:5371: result: yes
configure:5371: checking for strchr
configure:5371: gcc -o conftest -g -O2 -pthread -I/usr/include/gtk-3.0 -I/usr/include/atk-1.0 -I/usr/include/at-spi2-atk/2.0 -I/usr/include/pango-1.0 -I/usr/include/gio-unix-2.0/ -I/usr/include/cairo -I/usr/include/gdk-pixbuf-2.0 -I/usr/include/glib-2.0 -I/usr/lib/x86_64-linux-gnu/glib-2.0/include -I/usr/include/harfbuzz -I/usr/include/freetype2 -I/usr/include/pixman-1 -I/usr/include/libpng12   -pthread -I/usr/include/gstreamer-1.0 -I/usr/include/glib-2.0 -I/usr/lib/x86_64-linux-gnu/glib-2.0/include     conftest.c -ljack -lGLU -lGL -lSDL  -lgtk-3 -lgdk-3 -latk-1.0 -lgio-2.0 -lpangocairo-1.0 -lgdk_pixbuf-2.0 -lcairo-gobject -lpango-1.0 -lcairo -lgobject-2.0 -lglib-2.0   -lgstreamer-1.0 -lgobject-2.0 -lglib-2.0   >&5
conftest.c:54:6: warning: conflicting types for built-in function 'strchr' [enabled by default]
 char strchr ();
      ^
configure:5371: $? = 0
configure:5371: result: yes
configure:5371: checking for strerror
configure:5371: gcc -o conftest -g -O2 -pthread -I/usr/include/gtk-3.0 -I/usr/include/atk-1.0 -I/usr/include/at-spi2-atk/2.0 -I/usr/include/pango-1.0 -I/usr/include/gio-unix-2.0/ -I/usr/include/cairo -I/usr/include/gdk-pixbuf-2.0 -I/usr/include/glib-2.0 -I/usr/lib/x86_64-linux-gnu/glib-2.0/include -I/usr/include/harfbuzz -I/usr/include/freetype2 -I/usr/include/pixman-1 -I/usr/include/libpng12   -pthread -I/usr/include/gstreamer-1.0 -I/usr/include/glib-2.0 -I/usr/lib/x86_64-linux-gnu/glib-2.0/include     conftest.c -ljack -lGLU -lGL -lSDL  -lgtk-3 -lgdk-3 -latk-1.0 -lgio-2.0 -lpangocairo-1.0 -lgdk_pixbuf-2.0 -lcairo-gobject -lpango-1.0 -lcairo -lgobject-2.0 -lglib-2.0   -lgstreamer-1.0 -lgobject-2.0 -lglib-2.0   >&5
configure:5371: $? = 0
configure:5371: result: yes
configure:5371: checking for strstr
configure:5371: gcc -o conftest -g -O2 -pthread -I/usr/include/gtk-3.0 -I/usr/include/atk-1.0 -I/usr/include/at-spi2-atk/2.0 -I/usr/include/pango-1.0 -I/usr/include/gio-unix-2.0/ -I/usr/include/cairo -I/usr/include/gdk-pixbuf-2.0 -I/usr/include/glib-2.0 -I/usr/lib/x86_64-linux-gnu/glib-2.0/include -I/usr/include/harfbuzz -I/usr/include/freetype2 -I/usr/include/pixman-1 -I/usr/include/libpng12   -pthread -I/usr/include/gstreamer-1.0 -I/usr/include/glib-2.0 -I/usr/lib/x86_64-linux-gnu/glib-2.0/include     conftest.c -ljack -lGLU -lGL -lSDL  -lgtk-3 -lgdk-3 -latk-1.0 -lgio-2.0 -lpangocairo-1.0 -lgdk_pixbuf-2.0 -lcairo-gobject -lpango-1.0 -lcairo -lgobject-2.0 -lglib-2.0   -lgstreamer-1.0 -lgobject-2.0 -lglib-2.0   >&5
conftest.c:56:6: warning: conflicting types for built-in function 'strstr' [enabled by default]
 char strstr ();
      ^
configure:5371: $? = 0
configure:5371: result: yes
configure:5371: checking for strtol
configure:5371: gcc -o conftest -g -O2 -pthread -I/usr/include/gtk-3.0 -I/usr/include/atk-1.0 -I/usr/include/at-spi2-atk/2.0 -I/usr/include/pango-1.0 -I/usr/include/gio-unix-2.0/ -I/usr/include/cairo -I/usr/include/gdk-pixbuf-2.0 -I/usr/include/glib-2.0 -I/usr/lib/x86_64-linux-gnu/glib-2.0/include -I/usr/include/harfbuzz -I/usr/include/freetype2 -I/usr/include/pixman-1 -I/usr/include/libpng12   -pthread -I/usr/include/gstreamer-1.0 -I/usr/include/glib-2.0 -I/usr/lib/x86_64-linux-gnu/glib-2.0/include     conftest.c -ljack -lGLU -lGL -lSDL  -lgtk-3 -lgdk-3 -latk-1.0 -lgio-2.0 -lpangocairo-1.0 -lgdk_pixbuf-2.0 -lcairo-gobject -lpango-1.0 -lcairo -lgobject-2.0 -lglib-2.0   -lgstreamer-1.0 -lgobject-2.0 -lglib-2.0   >&5
configure:5371: $? = 0
configure:5371: result: yes
configure:5493: checking that generated files are newer than configure
configure:5499: result: done
configure:5522: creating ./config.status

## ---------------------- ##
## Running config.status. ##
## ---------------------- ##

This file was extended by Spectrum3d config.status 2.5.0, which was
generated by GNU Autoconf 2.69.  Invocation command line was

  CONFIG_FILES    = 
  CONFIG_HEADERS  = 
  CONFIG_LINKS    = 
  CONFIG_COMMANDS = 
  $ ./config.status 

on cheen-X551MA

config.status:894: creating Makefile
config.status:894: creating src/Makefile
config.status:894: creating data/Makefile
config.status:894: creating data/spectrum3d.desktop
config.status:894: creating doc/Makefile
config.status:894: creating src/config.h
config.status:1123: executing depfiles commands
configure:6849: If you want to use gtkglext, its version should match the gtk version (gtkglext-1.0 for gtk-2.0, gtkglext-3.0 for gtk-3.0)
configure:6852:      ******************************************
configure:6855:      *  Gstreamer version ...............1.0  *
configure:6865:      *  GTK version .................GTK-3.0  *
configure:6872:      *  OpenGL support...................SDL  *
configure:6876:      *  JACK support.....................YES  *
configure:6886:      *  MULTITOUCH support................NO   *
configure:6889:      ******************************************

## ---------------- ##
## Cache variables. ##
## ---------------- ##

ac_cv_c_compiler_gnu=yes
ac_cv_env_BAMF_CFLAGS_set=
ac_cv_env_BAMF_CFLAGS_value=
ac_cv_env_BAMF_LIBS_set=
ac_cv_env_BAMF_LIBS_value=
ac_cv_env_CC_set=
ac_cv_env_CC_value=
ac_cv_env_CFLAGS_set=
ac_cv_env_CFLAGS_value=
ac_cv_env_CPPFLAGS_set=
ac_cv_env_CPPFLAGS_value=
ac_cv_env_CPP_set=
ac_cv_env_CPP_value=
ac_cv_env_GEIS_CFLAGS_set=
ac_cv_env_GEIS_CFLAGS_value=
ac_cv_env_GEIS_LIBS_set=
ac_cv_env_GEIS_LIBS_value=
ac_cv_env_GSTREAMER_CFLAGS_set=
ac_cv_env_GSTREAMER_CFLAGS_value=
ac_cv_env_GSTREAMER_LIBS_set=
ac_cv_env_GSTREAMER_LIBS_value=
ac_cv_env_GTK2_CFLAGS_set=
ac_cv_env_GTK2_CFLAGS_value=
ac_cv_env_GTK2_LIBS_set=
ac_cv_env_GTK2_LIBS_value=
ac_cv_env_GTK3_CFLAGS_set=
ac_cv_env_GTK3_CFLAGS_value=
ac_cv_env_GTK3_LIBS_set=
ac_cv_env_GTK3_LIBS_value=
ac_cv_env_GTKGLEXT1_CFLAGS_set=
ac_cv_env_GTKGLEXT1_CFLAGS_value=
ac_cv_env_GTKGLEXT1_LIBS_set=
ac_cv_env_GTKGLEXT1_LIBS_value=
ac_cv_env_GTKGLEXT3_CFLAGS_set=
ac_cv_env_GTKGLEXT3_CFLAGS_value=
ac_cv_env_GTKGLEXT3_LIBS_set=
ac_cv_env_GTKGLEXT3_LIBS_value=
ac_cv_env_LDFLAGS_set=
ac_cv_env_LDFLAGS_value=
ac_cv_env_LIBS_set=
ac_cv_env_LIBS_value=
ac_cv_env_PKG_CONFIG_LIBDIR_set=
ac_cv_env_PKG_CONFIG_LIBDIR_value=
ac_cv_env_PKG_CONFIG_PATH_set=
ac_cv_env_PKG_CONFIG_PATH_value=
ac_cv_env_PKG_CONFIG_set=
ac_cv_env_PKG_CONFIG_value=
ac_cv_env_build_alias_set=
ac_cv_env_build_alias_value=
ac_cv_env_host_alias_set=
ac_cv_env_host_alias_value=
ac_cv_env_target_alias_set=
ac_cv_env_target_alias_value=
ac_cv_func_memset=yes
ac_cv_func_putenv=yes
ac_cv_func_strchr=yes
ac_cv_func_strerror=yes
ac_cv_func_strstr=yes
ac_cv_func_strtol=yes
ac_cv_header_inttypes_h=yes
ac_cv_header_memory_h=yes
ac_cv_header_stdc=yes
ac_cv_header_stdint_h=yes
ac_cv_header_stdlib_h=yes
ac_cv_header_string_h=yes
ac_cv_header_strings_h=yes
ac_cv_header_sys_stat_h=yes
ac_cv_header_sys_types_h=yes
ac_cv_header_unistd_h=yes
ac_cv_lib_GLU_gluBeginCurve=yes
ac_cv_lib_GL_glClear=yes
ac_cv_lib_SDL_SDL_Init=yes
ac_cv_lib_jack_jack_client_open=yes
ac_cv_objext=o
ac_cv_path_EGREP='/bin/grep -E'
ac_cv_path_GREP=/bin/grep
ac_cv_path_ac_pt_PKG_CONFIG=/usr/bin/pkg-config
ac_cv_path_install='/usr/bin/install -c'
ac_cv_path_mkdir=/bin/mkdir
ac_cv_prog_AWK=mawk
ac_cv_prog_CPP='gcc -E'
ac_cv_prog_ac_ct_CC=gcc
ac_cv_prog_cc_c89=
ac_cv_prog_cc_g=yes
ac_cv_prog_make_make_set=yes
am_cv_CC_dependencies_compiler_type=gcc3
am_cv_make_support_nested_variables=yes
am_cv_prog_cc_c_o=yes
pkg_cv_GSTREAMER_CFLAGS='-pthread -I/usr/include/gstreamer-1.0 -I/usr/include/glib-2.0 -I/usr/lib/x86_64-linux-gnu/glib-2.0/include  '
pkg_cv_GSTREAMER_LIBS='-lgstreamer-1.0 -lgobject-2.0 -lglib-2.0  '
pkg_cv_GTK3_CFLAGS='-pthread -I/usr/include/gtk-3.0 -I/usr/include/atk-1.0 -I/usr/include/at-spi2-atk/2.0 -I/usr/include/pango-1.0 -I/usr/include/gio-unix-2.0/ -I/usr/include/cairo -I/usr/include/gdk-pixbuf-2.0 -I/usr/include/glib-2.0 -I/usr/lib/x86_64-linux-gnu/glib-2.0/include -I/usr/include/harfbuzz -I/usr/include/freetype2 -I/usr/include/pixman-1 -I/usr/include/libpng12  '
pkg_cv_GTK3_LIBS='-lgtk-3 -lgdk-3 -latk-1.0 -lgio-2.0 -lpangocairo-1.0 -lgdk_pixbuf-2.0 -lcairo-gobject -lpango-1.0 -lcairo -lgobject-2.0 -lglib-2.0  '

## ----------------- ##
## Output variables. ##
## ----------------- ##

ACLOCAL='aclocal-1.14'
AMDEPBACKSLASH='\'
AMDEP_FALSE='#'
AMDEP_TRUE=''
AMTAR='$${TAR-tar}'
AM_BACKSLASH='\'
AM_DEFAULT_V='$(AM_DEFAULT_VERBOSITY)'
AM_DEFAULT_VERBOSITY='1'
AM_V='$(V)'
AUTOCONF='autoconf'
AUTOHEADER='autoheader'
AUTOMAKE='automake-1.14'
AWK='mawk'
BAMF_CFLAGS=''
BAMF_LIBS=''
CC='gcc'
CCDEPMODE='depmode=gcc3'
CFLAGS='-g -O2 -pthread -I/usr/include/gtk-3.0 -I/usr/include/atk-1.0 -I/usr/include/at-spi2-atk/2.0 -I/usr/include/pango-1.0 -I/usr/include/gio-unix-2.0/ -I/usr/include/cairo -I/usr/include/gdk-pixbuf-2.0 -I/usr/include/glib-2.0 -I/usr/lib/x86_64-linux-gnu/glib-2.0/include -I/usr/include/harfbuzz -I/usr/include/freetype2 -I/usr/include/pixman-1 -I/usr/include/libpng12   -pthread -I/usr/include/gstreamer-1.0 -I/usr/include/glib-2.0 -I/usr/lib/x86_64-linux-gnu/glib-2.0/include  '
CPP='gcc -E'
CPPFLAGS=''
CYGPATH_W='echo'
DEFS='-DHAVE_CONFIG_H'
DEPDIR='.deps'
ECHO_C=''
ECHO_N='-n'
ECHO_T=''
EGREP='/bin/grep -E'
EXEEXT=''
GEIS_CFLAGS=''
GEIS_LIBS=''
GREP='/bin/grep'
GSTREAMER_CFLAGS='-pthread -I/usr/include/gstreamer-1.0 -I/usr/include/glib-2.0 -I/usr/lib/x86_64-linux-gnu/glib-2.0/include  '
GSTREAMER_LIBS='-lgstreamer-1.0 -lgobject-2.0 -lglib-2.0  '
GTK2_CFLAGS=''
GTK2_LIBS=''
GTK3_CFLAGS='-pthread -I/usr/include/gtk-3.0 -I/usr/include/atk-1.0 -I/usr/include/at-spi2-atk/2.0 -I/usr/include/pango-1.0 -I/usr/include/gio-unix-2.0/ -I/usr/include/cairo -I/usr/include/gdk-pixbuf-2.0 -I/usr/include/glib-2.0 -I/usr/lib/x86_64-linux-gnu/glib-2.0/include -I/usr/include/harfbuzz -I/usr/include/freetype2 -I/usr/include/pixman-1 -I/usr/include/libpng12  '
GTK3_LIBS='-lgtk-3 -lgdk-3 -latk-1.0 -lgio-2.0 -lpangocairo-1.0 -lgdk_pixbuf-2.0 -lcairo-gobject -lpango-1.0 -lcairo -lgobject-2.0 -lglib-2.0  '
GTKGLEXT1_CFLAGS=''
GTKGLEXT1_LIBS=''
GTKGLEXT3_CFLAGS=''
GTKGLEXT3_LIBS=''
INSTALL_DATA='${INSTALL} -m 644'
INSTALL_PROGRAM='${INSTALL}'
INSTALL_SCRIPT='${INSTALL}'
INSTALL_STRIP_PROGRAM='$(install_sh) -c -s'
LDFLAGS=''
LIBOBJS=''
LIBS='-ljack -lGLU -lGL -lSDL  -lgtk-3 -lgdk-3 -latk-1.0 -lgio-2.0 -lpangocairo-1.0 -lgdk_pixbuf-2.0 -lcairo-gobject -lpango-1.0 -lcairo -lgobject-2.0 -lglib-2.0   -lgstreamer-1.0 -lgobject-2.0 -lglib-2.0  '
LTLIBOBJS=''
MAKEINFO='makeinfo'
MKDIR_P='/bin/mkdir -p'
OBJEXT='o'
PACKAGE='spectrum3d'
PACKAGE_BUGREPORT='nadaeck@hotmail.com'
PACKAGE_NAME='Spectrum3d'
PACKAGE_STRING='Spectrum3d 2.5.0'
PACKAGE_TARNAME='spectrum3d'
PACKAGE_URL='spectrum3d.sourceforge.net'
PACKAGE_VERSION='2.5.0'
PATH_SEPARATOR=':'
PKG_CONFIG='/usr/bin/pkg-config'
PKG_CONFIG_LIBDIR=''
PKG_CONFIG_PATH=''
SET_MAKE=''
SHELL='/bin/bash'
STRIP=''
VERSION='2.5.0'
ac_ct_CC='gcc'
am__EXEEXT_FALSE=''
am__EXEEXT_TRUE='#'
am__fastdepCC_FALSE='#'
am__fastdepCC_TRUE=''
am__include='include'
am__isrc=''
am__leading_dot='.'
am__nodep='_no'
am__quote=''
am__tar='$${TAR-tar} chof - "$$tardir"'
am__untar='$${TAR-tar} xf -'
bindir='${exec_prefix}/bin'
build_alias=''
datadir='${datarootdir}'
datarootdir='${prefix}/share'
docdir='${datarootdir}/doc/${PACKAGE_TARNAME}'
dvidir='${docdir}'
exec_prefix='${prefix}'
host_alias=''
htmldir='${docdir}'
includedir='${prefix}/include'
infodir='${datarootdir}/info'
install_sh='${SHELL} /home/cheen/Desktop/410/research/spectrum3d-2.5.0/install-sh'
libdir='${exec_prefix}/lib'
libexecdir='${exec_prefix}/libexec'
localedir='${datarootdir}/locale'
localstatedir='${prefix}/var'
mandir='${datarootdir}/man'
mkdir_p='$(MKDIR_P)'
oldincludedir='/usr/include'
pdfdir='${docdir}'
prefix='/usr/local'
program_transform_name='s,x,x,'
psdir='${docdir}'
sbindir='${exec_prefix}/sbin'
sharedstatedir='${prefix}/com'
sysconfdir='${prefix}/etc'
target_alias=''

## ----------- ##
## confdefs.h. ##
## ----------- ##

/* confdefs.h */
#define PACKAGE_NAME "Spectrum3d"
#define PACKAGE_TARNAME "spectrum3d"
#define PACKAGE_VERSION "2.5.0"
#define PACKAGE_STRING "Spectrum3d 2.5.0"
#define PACKAGE_BUGREPORT "nadaeck@hotmail.com"
#define PACKAGE_URL "spectrum3d.sourceforge.net"
#define PACKAGE "spectrum3d"
#define VERSION "2.5.0"
#define GTK3 1
#define HAVE_LIBSDL 1
#define HAVE_LIBGL 1
#define HAVE_LIBGLU 1
#define GSTREAMER1 1
#define HAVE_LIBJACK 1
#define STDC_HEADERS 1
#define HAVE_SYS_TYPES_H 1
#define HAVE_SYS_STAT_H 1
#define HAVE_STDLIB_H 1
#define HAVE_STRING_H 1
#define HAVE_MEMORY_H 1
#define HAVE_STRINGS_H 1
#define HAVE_INTTYPES_H 1
#define HAVE_STDINT_H 1
#define HAVE_UNISTD_H 1
#define HAVE_STDLIB_H 1
#define HAVE_STRING_H 1
#define HAVE_MEMSET 1
#define HAVE_PUTENV 1
#define HAVE_STRCHR 1
#define HAVE_STRERROR 1
#define HAVE_STRSTR 1
#define HAVE_STRTOL 1

configure: exit 0
